DEB [20180802-07:17:41.260] thr=1   paramiko.transport: starting thread (client mode): 0x51fdb0b8
DEB [20180802-07:17:41.260] thr=1   paramiko.transport: Local version/idstring: SSH-2.0-paramiko_2.4.1
DEB [20180802-07:17:41.278] thr=1   paramiko.transport: Remote version/idstring: SSH-2.0-OpenSSH_7.4
INF [20180802-07:17:41.278] thr=1   paramiko.transport: Connected (version 2.0, client OpenSSH_7.4)
DEB [20180802-07:17:41.282] thr=1   paramiko.transport: kex algos:['curve25519-sha256', 'curve25519-sha256@libssh.org', 'ecdh-sha2-nistp256', 'ecdh-sha2-nistp384', 'ecdh-sha2-nistp521', 'diffie-hellman-group-exchange-sha256', 'diffie-hellman-group16-sha512', 'diffie-hellman-group18-sha512', 'diffie-hellman-group-exchange-sha1', 'diffie-hellman-group14-sha256', 'diffie-hellman-group14-sha1', 'diffie-hellman-group1-sha1'] server key:['ssh-rsa', 'rsa-sha2-512', 'rsa-sha2-256', 'ecdsa-sha2-nistp256', 'ssh-ed25519'] client encrypt:['chacha20-poly1305@openssh.com', 'aes128-ctr', 'aes192-ctr', 'aes256-ctr', 'aes128-gcm@openssh.com', 'aes256-gcm@openssh.com', 'aes128-cbc', 'aes192-cbc', 'aes256-cbc', 'blowfish-cbc', 'cast128-cbc', '3des-cbc'] server encrypt:['chacha20-poly1305@openssh.com', 'aes128-ctr', 'aes192-ctr', 'aes256-ctr', 'aes128-gcm@openssh.com', 'aes256-gcm@openssh.com', 'aes128-cbc', 'aes192-cbc', 'aes256-cbc', 'blowfish-cbc', 'cast128-cbc', '3des-cbc'] client mac:['umac-64-etm@openssh.com', 'umac-128-etm@openssh.com', 'hmac-sha2-256-etm@openssh.com', 'hmac-sha2-512-etm@openssh.com', 'hmac-sha1-etm@openssh.com', 'umac-64@openssh.com', 'umac-128@openssh.com', 'hmac-sha2-256', 'hmac-sha2-512', 'hmac-sha1'] server mac:['umac-64-etm@openssh.com', 'umac-128-etm@openssh.com', 'hmac-sha2-256-etm@openssh.com', 'hmac-sha2-512-etm@openssh.com', 'hmac-sha1-etm@openssh.com', 'umac-64@openssh.com', 'umac-128@openssh.com', 'hmac-sha2-256', 'hmac-sha2-512', 'hmac-sha1'] client compress:['none', 'zlib@openssh.com'] server compress:['none', 'zlib@openssh.com'] client lang:[''] server lang:[''] kex follows?False
DEB [20180802-07:17:41.283] thr=1   paramiko.transport: Kex agreed: ecdh-sha2-nistp256
DEB [20180802-07:17:41.283] thr=1   paramiko.transport: HostKey agreed: ssh-ed25519
DEB [20180802-07:17:41.283] thr=1   paramiko.transport: Cipher agreed: aes128-ctr
DEB [20180802-07:17:41.283] thr=1   paramiko.transport: MAC agreed: hmac-sha2-256
DEB [20180802-07:17:41.283] thr=1   paramiko.transport: Compression agreed: none
DEB [20180802-07:17:41.413] thr=1   paramiko.transport: kex engine KexNistp256 specified hash_algo <built-in function openssl_sha256>
DEB [20180802-07:17:41.414] thr=1   paramiko.transport: Switch to new keys ...
DEB [20180802-07:19:00.520] thr=1   paramiko.transport: starting thread (client mode): 0xd6ffb128
DEB [20180802-07:19:00.520] thr=1   paramiko.transport: Local version/idstring: SSH-2.0-paramiko_2.4.1
DEB [20180802-07:19:00.531] thr=1   paramiko.transport: Remote version/idstring: SSH-2.0-OpenSSH_7.4
INF [20180802-07:19:00.531] thr=1   paramiko.transport: Connected (version 2.0, client OpenSSH_7.4)
DEB [20180802-07:19:00.533] thr=1   paramiko.transport: kex algos:['curve25519-sha256', 'curve25519-sha256@libssh.org', 'ecdh-sha2-nistp256', 'ecdh-sha2-nistp384', 'ecdh-sha2-nistp521', 'diffie-hellman-group-exchange-sha256', 'diffie-hellman-group16-sha512', 'diffie-hellman-group18-sha512', 'diffie-hellman-group-exchange-sha1', 'diffie-hellman-group14-sha256', 'diffie-hellman-group14-sha1', 'diffie-hellman-group1-sha1'] server key:['ssh-rsa', 'rsa-sha2-512', 'rsa-sha2-256', 'ecdsa-sha2-nistp256', 'ssh-ed25519'] client encrypt:['chacha20-poly1305@openssh.com', 'aes128-ctr', 'aes192-ctr', 'aes256-ctr', 'aes128-gcm@openssh.com', 'aes256-gcm@openssh.com', 'aes128-cbc', 'aes192-cbc', 'aes256-cbc', 'blowfish-cbc', 'cast128-cbc', '3des-cbc'] server encrypt:['chacha20-poly1305@openssh.com', 'aes128-ctr', 'aes192-ctr', 'aes256-ctr', 'aes128-gcm@openssh.com', 'aes256-gcm@openssh.com', 'aes128-cbc', 'aes192-cbc', 'aes256-cbc', 'blowfish-cbc', 'cast128-cbc', '3des-cbc'] client mac:['umac-64-etm@openssh.com', 'umac-128-etm@openssh.com', 'hmac-sha2-256-etm@openssh.com', 'hmac-sha2-512-etm@openssh.com', 'hmac-sha1-etm@openssh.com', 'umac-64@openssh.com', 'umac-128@openssh.com', 'hmac-sha2-256', 'hmac-sha2-512', 'hmac-sha1'] server mac:['umac-64-etm@openssh.com', 'umac-128-etm@openssh.com', 'hmac-sha2-256-etm@openssh.com', 'hmac-sha2-512-etm@openssh.com', 'hmac-sha1-etm@openssh.com', 'umac-64@openssh.com', 'umac-128@openssh.com', 'hmac-sha2-256', 'hmac-sha2-512', 'hmac-sha1'] client compress:['none', 'zlib@openssh.com'] server compress:['none', 'zlib@openssh.com'] client lang:[''] server lang:[''] kex follows?False
DEB [20180802-07:19:00.533] thr=1   paramiko.transport: Kex agreed: ecdh-sha2-nistp256
DEB [20180802-07:19:00.533] thr=1   paramiko.transport: HostKey agreed: ssh-ed25519
DEB [20180802-07:19:00.533] thr=1   paramiko.transport: Cipher agreed: aes128-ctr
DEB [20180802-07:19:00.533] thr=1   paramiko.transport: MAC agreed: hmac-sha2-256
DEB [20180802-07:19:00.533] thr=1   paramiko.transport: Compression agreed: none
DEB [20180802-07:19:00.608] thr=1   paramiko.transport: kex engine KexNistp256 specified hash_algo <built-in function openssl_sha256>
DEB [20180802-07:19:00.609] thr=1   paramiko.transport: Switch to new keys ...
DEB [20180802-07:20:49.263] thr=1   paramiko.transport: starting thread (client mode): 0xc97b128
DEB [20180802-07:20:49.263] thr=1   paramiko.transport: Local version/idstring: SSH-2.0-paramiko_2.4.1
DEB [20180802-07:20:49.278] thr=1   paramiko.transport: Remote version/idstring: SSH-2.0-OpenSSH_7.4
INF [20180802-07:20:49.278] thr=1   paramiko.transport: Connected (version 2.0, client OpenSSH_7.4)
DEB [20180802-07:20:49.280] thr=1   paramiko.transport: kex algos:['curve25519-sha256', 'curve25519-sha256@libssh.org', 'ecdh-sha2-nistp256', 'ecdh-sha2-nistp384', 'ecdh-sha2-nistp521', 'diffie-hellman-group-exchange-sha256', 'diffie-hellman-group16-sha512', 'diffie-hellman-group18-sha512', 'diffie-hellman-group-exchange-sha1', 'diffie-hellman-group14-sha256', 'diffie-hellman-group14-sha1', 'diffie-hellman-group1-sha1'] server key:['ssh-rsa', 'rsa-sha2-512', 'rsa-sha2-256', 'ecdsa-sha2-nistp256', 'ssh-ed25519'] client encrypt:['chacha20-poly1305@openssh.com', 'aes128-ctr', 'aes192-ctr', 'aes256-ctr', 'aes128-gcm@openssh.com', 'aes256-gcm@openssh.com', 'aes128-cbc', 'aes192-cbc', 'aes256-cbc', 'blowfish-cbc', 'cast128-cbc', '3des-cbc'] server encrypt:['chacha20-poly1305@openssh.com', 'aes128-ctr', 'aes192-ctr', 'aes256-ctr', 'aes128-gcm@openssh.com', 'aes256-gcm@openssh.com', 'aes128-cbc', 'aes192-cbc', 'aes256-cbc', 'blowfish-cbc', 'cast128-cbc', '3des-cbc'] client mac:['umac-64-etm@openssh.com', 'umac-128-etm@openssh.com', 'hmac-sha2-256-etm@openssh.com', 'hmac-sha2-512-etm@openssh.com', 'hmac-sha1-etm@openssh.com', 'umac-64@openssh.com', 'umac-128@openssh.com', 'hmac-sha2-256', 'hmac-sha2-512', 'hmac-sha1'] server mac:['umac-64-etm@openssh.com', 'umac-128-etm@openssh.com', 'hmac-sha2-256-etm@openssh.com', 'hmac-sha2-512-etm@openssh.com', 'hmac-sha1-etm@openssh.com', 'umac-64@openssh.com', 'umac-128@openssh.com', 'hmac-sha2-256', 'hmac-sha2-512', 'hmac-sha1'] client compress:['none', 'zlib@openssh.com'] server compress:['none', 'zlib@openssh.com'] client lang:[''] server lang:[''] kex follows?False
DEB [20180802-07:20:49.280] thr=1   paramiko.transport: Kex agreed: ecdh-sha2-nistp256
DEB [20180802-07:20:49.280] thr=1   paramiko.transport: HostKey agreed: ssh-ed25519
DEB [20180802-07:20:49.280] thr=1   paramiko.transport: Cipher agreed: aes128-ctr
DEB [20180802-07:20:49.280] thr=1   paramiko.transport: MAC agreed: hmac-sha2-256
DEB [20180802-07:20:49.280] thr=1   paramiko.transport: Compression agreed: none
DEB [20180802-07:20:49.353] thr=1   paramiko.transport: kex engine KexNistp256 specified hash_algo <built-in function openssl_sha256>
DEB [20180802-07:20:49.353] thr=1   paramiko.transport: Switch to new keys ...
DEB [20180802-07:22:49.280] thr=1   paramiko.transport: EOF in transport thread
DEB [20180802-07:23:29.697] thr=1   paramiko.transport: starting thread (client mode): 0x5e67b128
DEB [20180802-07:23:29.698] thr=1   paramiko.transport: Local version/idstring: SSH-2.0-paramiko_2.4.1
DEB [20180802-07:23:29.716] thr=1   paramiko.transport: Remote version/idstring: SSH-2.0-OpenSSH_6.6.1
INF [20180802-07:23:29.716] thr=1   paramiko.transport: Connected (version 2.0, client OpenSSH_6.6.1)
DEB [20180802-07:23:29.730] thr=1   paramiko.transport: kex algos:['curve25519-sha256@libssh.org', 'ecdh-sha2-nistp256', 'ecdh-sha2-nistp384', 'ecdh-sha2-nistp521', 'diffie-hellman-group-exchange-sha256', 'diffie-hellman-group-exchange-sha1', 'diffie-hellman-group14-sha1', 'diffie-hellman-group1-sha1'] server key:['ssh-rsa', 'ecdsa-sha2-nistp256', 'ssh-ed25519'] client encrypt:['aes128-ctr', 'aes192-ctr', 'aes256-ctr', 'arcfour256', 'arcfour128', 'aes128-gcm@openssh.com', 'aes256-gcm@openssh.com', 'chacha20-poly1305@openssh.com', 'aes128-cbc', '3des-cbc', 'blowfish-cbc', 'cast128-cbc', 'aes192-cbc', 'aes256-cbc', 'arcfour', 'rijndael-cbc@lysator.liu.se'] server encrypt:['aes128-ctr', 'aes192-ctr', 'aes256-ctr', 'arcfour256', 'arcfour128', 'aes128-gcm@openssh.com', 'aes256-gcm@openssh.com', 'chacha20-poly1305@openssh.com', 'aes128-cbc', '3des-cbc', 'blowfish-cbc', 'cast128-cbc', 'aes192-cbc', 'aes256-cbc', 'arcfour', 'rijndael-cbc@lysator.liu.se'] client mac:['hmac-md5-etm@openssh.com', 'hmac-sha1-etm@openssh.com', 'umac-64-etm@openssh.com', 'umac-128-etm@openssh.com', 'hmac-sha2-256-etm@openssh.com', 'hmac-sha2-512-etm@openssh.com', 'hmac-ripemd160-etm@openssh.com', 'hmac-sha1-96-etm@openssh.com', 'hmac-md5-96-etm@openssh.com', 'hmac-md5', 'hmac-sha1', 'umac-64@openssh.com', 'umac-128@openssh.com', 'hmac-sha2-256', 'hmac-sha2-512', 'hmac-ripemd160', 'hmac-ripemd160@openssh.com', 'hmac-sha1-96', 'hmac-md5-96'] server mac:['hmac-md5-etm@openssh.com', 'hmac-sha1-etm@openssh.com', 'umac-64-etm@openssh.com', 'umac-128-etm@openssh.com', 'hmac-sha2-256-etm@openssh.com', 'hmac-sha2-512-etm@openssh.com', 'hmac-ripemd160-etm@openssh.com', 'hmac-sha1-96-etm@openssh.com', 'hmac-md5-96-etm@openssh.com', 'hmac-md5', 'hmac-sha1', 'umac-64@openssh.com', 'umac-128@openssh.com', 'hmac-sha2-256', 'hmac-sha2-512', 'hmac-ripemd160', 'hmac-ripemd160@openssh.com', 'hmac-sha1-96', 'hmac-md5-96'] client compress:['none', 'zlib@openssh.com'] server compress:['none', 'zlib@openssh.com'] client lang:[''] server lang:[''] kex follows?False
DEB [20180802-07:23:29.730] thr=1   paramiko.transport: Kex agreed: ecdh-sha2-nistp256
DEB [20180802-07:23:29.730] thr=1   paramiko.transport: HostKey agreed: ssh-ed25519
DEB [20180802-07:23:29.730] thr=1   paramiko.transport: Cipher agreed: aes128-ctr
DEB [20180802-07:23:29.731] thr=1   paramiko.transport: MAC agreed: hmac-sha2-256
DEB [20180802-07:23:29.731] thr=1   paramiko.transport: Compression agreed: none
DEB [20180802-07:23:29.818] thr=1   paramiko.transport: kex engine KexNistp256 specified hash_algo <built-in function openssl_sha256>
DEB [20180802-07:23:29.818] thr=1   paramiko.transport: Switch to new keys ...
DEB [20180802-07:25:29.794] thr=1   paramiko.transport: EOF in transport thread
DEB [20180802-10:24:39.037] thr=1   paramiko.transport: starting thread (client mode): 0x5b43b128
DEB [20180802-10:24:39.053] thr=1   paramiko.transport: Local version/idstring: SSH-2.0-paramiko_2.4.1
DEB [20180802-10:24:39.053] thr=1   paramiko.transport: Remote version/idstring: SSH-2.0-OpenSSH_7.4
INF [20180802-10:24:39.053] thr=1   paramiko.transport: Connected (version 2.0, client OpenSSH_7.4)
DEB [20180802-10:24:39.053] thr=1   paramiko.transport: kex algos:['curve25519-sha256', 'curve25519-sha256@libssh.org', 'ecdh-sha2-nistp256', 'ecdh-sha2-nistp384', 'ecdh-sha2-nistp521', 'diffie-hellman-group-exchange-sha256', 'diffie-hellman-group16-sha512', 'diffie-hellman-group18-sha512', 'diffie-hellman-group-exchange-sha1', 'diffie-hellman-group14-sha256', 'diffie-hellman-group14-sha1', 'diffie-hellman-group1-sha1'] server key:['ssh-rsa', 'rsa-sha2-512', 'rsa-sha2-256', 'ecdsa-sha2-nistp256', 'ssh-ed25519'] client encrypt:['chacha20-poly1305@openssh.com', 'aes128-ctr', 'aes192-ctr', 'aes256-ctr', 'aes128-gcm@openssh.com', 'aes256-gcm@openssh.com', 'aes128-cbc', 'aes192-cbc', 'aes256-cbc', 'blowfish-cbc', 'cast128-cbc', '3des-cbc'] server encrypt:['chacha20-poly1305@openssh.com', 'aes128-ctr', 'aes192-ctr', 'aes256-ctr', 'aes128-gcm@openssh.com', 'aes256-gcm@openssh.com', 'aes128-cbc', 'aes192-cbc', 'aes256-cbc', 'blowfish-cbc', 'cast128-cbc', '3des-cbc'] client mac:['umac-64-etm@openssh.com', 'umac-128-etm@openssh.com', 'hmac-sha2-256-etm@openssh.com', 'hmac-sha2-512-etm@openssh.com', 'hmac-sha1-etm@openssh.com', 'umac-64@openssh.com', 'umac-128@openssh.com', 'hmac-sha2-256', 'hmac-sha2-512', 'hmac-sha1'] server mac:['umac-64-etm@openssh.com', 'umac-128-etm@openssh.com', 'hmac-sha2-256-etm@openssh.com', 'hmac-sha2-512-etm@openssh.com', 'hmac-sha1-etm@openssh.com', 'umac-64@openssh.com', 'umac-128@openssh.com', 'hmac-sha2-256', 'hmac-sha2-512', 'hmac-sha1'] client compress:['none', 'zlib@openssh.com'] server compress:['none', 'zlib@openssh.com'] client lang:[''] server lang:[''] kex follows?False
DEB [20180802-10:24:39.053] thr=1   paramiko.transport: Kex agreed: ecdh-sha2-nistp256
DEB [20180802-10:24:39.053] thr=1   paramiko.transport: HostKey agreed: ssh-ed25519
DEB [20180802-10:24:39.053] thr=1   paramiko.transport: Cipher agreed: aes128-ctr
DEB [20180802-10:24:39.053] thr=1   paramiko.transport: MAC agreed: hmac-sha2-256
DEB [20180802-10:24:39.053] thr=1   paramiko.transport: Compression agreed: none
DEB [20180802-10:24:39.147] thr=1   paramiko.transport: kex engine KexNistp256 specified hash_algo <built-in function openssl_sha256>
DEB [20180802-10:24:39.147] thr=1   paramiko.transport: Switch to new keys ...
DEB [20180802-10:26:39.058] thr=1   paramiko.transport: EOF in transport thread
DEB [20180802-10:29:24.433] thr=1   paramiko.transport: starting thread (client mode): 0x9192b128
DEB [20180802-10:29:24.433] thr=1   paramiko.transport: Local version/idstring: SSH-2.0-paramiko_2.4.1
DEB [20180802-10:29:24.433] thr=1   paramiko.transport: Remote version/idstring: SSH-2.0-OpenSSH_7.4
INF [20180802-10:29:24.433] thr=1   paramiko.transport: Connected (version 2.0, client OpenSSH_7.4)
DEB [20180802-10:29:24.433] thr=1   paramiko.transport: kex algos:['curve25519-sha256', 'curve25519-sha256@libssh.org', 'ecdh-sha2-nistp256', 'ecdh-sha2-nistp384', 'ecdh-sha2-nistp521', 'diffie-hellman-group-exchange-sha256', 'diffie-hellman-group16-sha512', 'diffie-hellman-group18-sha512', 'diffie-hellman-group-exchange-sha1', 'diffie-hellman-group14-sha256', 'diffie-hellman-group14-sha1', 'diffie-hellman-group1-sha1'] server key:['ssh-rsa', 'rsa-sha2-512', 'rsa-sha2-256', 'ecdsa-sha2-nistp256', 'ssh-ed25519'] client encrypt:['chacha20-poly1305@openssh.com', 'aes128-ctr', 'aes192-ctr', 'aes256-ctr', 'aes128-gcm@openssh.com', 'aes256-gcm@openssh.com', 'aes128-cbc', 'aes192-cbc', 'aes256-cbc', 'blowfish-cbc', 'cast128-cbc', '3des-cbc'] server encrypt:['chacha20-poly1305@openssh.com', 'aes128-ctr', 'aes192-ctr', 'aes256-ctr', 'aes128-gcm@openssh.com', 'aes256-gcm@openssh.com', 'aes128-cbc', 'aes192-cbc', 'aes256-cbc', 'blowfish-cbc', 'cast128-cbc', '3des-cbc'] client mac:['umac-64-etm@openssh.com', 'umac-128-etm@openssh.com', 'hmac-sha2-256-etm@openssh.com', 'hmac-sha2-512-etm@openssh.com', 'hmac-sha1-etm@openssh.com', 'umac-64@openssh.com', 'umac-128@openssh.com', 'hmac-sha2-256', 'hmac-sha2-512', 'hmac-sha1'] server mac:['umac-64-etm@openssh.com', 'umac-128-etm@openssh.com', 'hmac-sha2-256-etm@openssh.com', 'hmac-sha2-512-etm@openssh.com', 'hmac-sha1-etm@openssh.com', 'umac-64@openssh.com', 'umac-128@openssh.com', 'hmac-sha2-256', 'hmac-sha2-512', 'hmac-sha1'] client compress:['none', 'zlib@openssh.com'] server compress:['none', 'zlib@openssh.com'] client lang:[''] server lang:[''] kex follows?False
DEB [20180802-10:29:24.433] thr=1   paramiko.transport: Kex agreed: ecdh-sha2-nistp256
DEB [20180802-10:29:24.433] thr=1   paramiko.transport: HostKey agreed: ssh-ed25519
DEB [20180802-10:29:24.433] thr=1   paramiko.transport: Cipher agreed: aes128-ctr
DEB [20180802-10:29:24.433] thr=1   paramiko.transport: MAC agreed: hmac-sha2-256
DEB [20180802-10:29:24.433] thr=1   paramiko.transport: Compression agreed: none
DEB [20180802-10:29:24.480] thr=1   paramiko.transport: kex engine KexNistp256 specified hash_algo <built-in function openssl_sha256>
DEB [20180802-10:29:24.480] thr=1   paramiko.transport: Switch to new keys ...
DEB [20180802-10:29:30.746] thr=1   paramiko.transport: EOF in transport thread
DEB [20180802-10:29:39.482] thr=1   paramiko.transport: starting thread (client mode): 0x9b98b0f0
DEB [20180802-10:29:39.482] thr=1   paramiko.transport: Local version/idstring: SSH-2.0-paramiko_2.4.1
DEB [20180802-10:29:39.497] thr=1   paramiko.transport: Remote version/idstring: SSH-2.0-OpenSSH_7.4
INF [20180802-10:29:39.497] thr=1   paramiko.transport: Connected (version 2.0, client OpenSSH_7.4)
DEB [20180802-10:29:39.497] thr=1   paramiko.transport: kex algos:['curve25519-sha256', 'curve25519-sha256@libssh.org', 'ecdh-sha2-nistp256', 'ecdh-sha2-nistp384', 'ecdh-sha2-nistp521', 'diffie-hellman-group-exchange-sha256', 'diffie-hellman-group16-sha512', 'diffie-hellman-group18-sha512', 'diffie-hellman-group-exchange-sha1', 'diffie-hellman-group14-sha256', 'diffie-hellman-group14-sha1', 'diffie-hellman-group1-sha1'] server key:['ssh-rsa', 'rsa-sha2-512', 'rsa-sha2-256', 'ecdsa-sha2-nistp256', 'ssh-ed25519'] client encrypt:['chacha20-poly1305@openssh.com', 'aes128-ctr', 'aes192-ctr', 'aes256-ctr', 'aes128-gcm@openssh.com', 'aes256-gcm@openssh.com', 'aes128-cbc', 'aes192-cbc', 'aes256-cbc', 'blowfish-cbc', 'cast128-cbc', '3des-cbc'] server encrypt:['chacha20-poly1305@openssh.com', 'aes128-ctr', 'aes192-ctr', 'aes256-ctr', 'aes128-gcm@openssh.com', 'aes256-gcm@openssh.com', 'aes128-cbc', 'aes192-cbc', 'aes256-cbc', 'blowfish-cbc', 'cast128-cbc', '3des-cbc'] client mac:['umac-64-etm@openssh.com', 'umac-128-etm@openssh.com', 'hmac-sha2-256-etm@openssh.com', 'hmac-sha2-512-etm@openssh.com', 'hmac-sha1-etm@openssh.com', 'umac-64@openssh.com', 'umac-128@openssh.com', 'hmac-sha2-256', 'hmac-sha2-512', 'hmac-sha1'] server mac:['umac-64-etm@openssh.com', 'umac-128-etm@openssh.com', 'hmac-sha2-256-etm@openssh.com', 'hmac-sha2-512-etm@openssh.com', 'hmac-sha1-etm@openssh.com', 'umac-64@openssh.com', 'umac-128@openssh.com', 'hmac-sha2-256', 'hmac-sha2-512', 'hmac-sha1'] client compress:['none', 'zlib@openssh.com'] server compress:['none', 'zlib@openssh.com'] client lang:[''] server lang:[''] kex follows?False
DEB [20180802-10:29:39.497] thr=1   paramiko.transport: Kex agreed: ecdh-sha2-nistp256
DEB [20180802-10:29:39.497] thr=1   paramiko.transport: HostKey agreed: ssh-ed25519
DEB [20180802-10:29:39.497] thr=1   paramiko.transport: Cipher agreed: aes128-ctr
DEB [20180802-10:29:39.497] thr=1   paramiko.transport: MAC agreed: hmac-sha2-256
DEB [20180802-10:29:39.497] thr=1   paramiko.transport: Compression agreed: none
DEB [20180802-10:29:39.528] thr=1   paramiko.transport: kex engine KexNistp256 specified hash_algo <built-in function openssl_sha256>
DEB [20180802-10:29:39.528] thr=1   paramiko.transport: Switch to new keys ...
DEB [20180802-10:31:39.501] thr=1   paramiko.transport: EOF in transport thread
DEB [20180802-10:47:53.781] thr=1   paramiko.transport: starting thread (client mode): 0x52241390
DEB [20180802-10:47:53.782] thr=1   paramiko.transport: Local version/idstring: SSH-2.0-paramiko_2.4.1
DEB [20180802-10:47:53.791] thr=1   paramiko.transport: Remote version/idstring: SSH-2.0-OpenSSH_7.4
INF [20180802-10:47:53.791] thr=1   paramiko.transport: Connected (version 2.0, client OpenSSH_7.4)
DEB [20180802-10:47:53.793] thr=1   paramiko.transport: kex algos:['curve25519-sha256', 'curve25519-sha256@libssh.org', 'ecdh-sha2-nistp256', 'ecdh-sha2-nistp384', 'ecdh-sha2-nistp521', 'diffie-hellman-group-exchange-sha256', 'diffie-hellman-group16-sha512', 'diffie-hellman-group18-sha512', 'diffie-hellman-group-exchange-sha1', 'diffie-hellman-group14-sha256', 'diffie-hellman-group14-sha1', 'diffie-hellman-group1-sha1'] server key:['ssh-rsa', 'rsa-sha2-512', 'rsa-sha2-256', 'ecdsa-sha2-nistp256', 'ssh-ed25519'] client encrypt:['chacha20-poly1305@openssh.com', 'aes128-ctr', 'aes192-ctr', 'aes256-ctr', 'aes128-gcm@openssh.com', 'aes256-gcm@openssh.com', 'aes128-cbc', 'aes192-cbc', 'aes256-cbc', 'blowfish-cbc', 'cast128-cbc', '3des-cbc'] server encrypt:['chacha20-poly1305@openssh.com', 'aes128-ctr', 'aes192-ctr', 'aes256-ctr', 'aes128-gcm@openssh.com', 'aes256-gcm@openssh.com', 'aes128-cbc', 'aes192-cbc', 'aes256-cbc', 'blowfish-cbc', 'cast128-cbc', '3des-cbc'] client mac:['umac-64-etm@openssh.com', 'umac-128-etm@openssh.com', 'hmac-sha2-256-etm@openssh.com', 'hmac-sha2-512-etm@openssh.com', 'hmac-sha1-etm@openssh.com', 'umac-64@openssh.com', 'umac-128@openssh.com', 'hmac-sha2-256', 'hmac-sha2-512', 'hmac-sha1'] server mac:['umac-64-etm@openssh.com', 'umac-128-etm@openssh.com', 'hmac-sha2-256-etm@openssh.com', 'hmac-sha2-512-etm@openssh.com', 'hmac-sha1-etm@openssh.com', 'umac-64@openssh.com', 'umac-128@openssh.com', 'hmac-sha2-256', 'hmac-sha2-512', 'hmac-sha1'] client compress:['none', 'zlib@openssh.com'] server compress:['none', 'zlib@openssh.com'] client lang:[''] server lang:[''] kex follows?False
DEB [20180802-10:47:53.793] thr=1   paramiko.transport: Kex agreed: ecdh-sha2-nistp256
DEB [20180802-10:47:53.793] thr=1   paramiko.transport: HostKey agreed: ssh-ed25519
DEB [20180802-10:47:53.793] thr=1   paramiko.transport: Cipher agreed: aes128-ctr
DEB [20180802-10:47:53.793] thr=1   paramiko.transport: MAC agreed: hmac-sha2-256
DEB [20180802-10:47:53.793] thr=1   paramiko.transport: Compression agreed: none
DEB [20180802-10:47:53.846] thr=1   paramiko.transport: kex engine KexNistp256 specified hash_algo <built-in function openssl_sha256>
DEB [20180802-10:47:53.847] thr=1   paramiko.transport: Switch to new keys ...
DEB [20180802-10:48:00.667] thr=1   paramiko.transport: userauth is OK
INF [20180802-10:48:00.761] thr=1   paramiko.transport: Authentication (password) successful!
DEB [20180802-10:48:00.761] thr=2   paramiko.transport: [chan 0] Max packet in: 32768 bytes
DEB [20180802-10:48:00.767] thr=1   paramiko.transport: Received global request "hostkeys-00@openssh.com"
DEB [20180802-10:48:00.767] thr=1   paramiko.transport: Rejecting "hostkeys-00@openssh.com" global request from server.
DEB [20180802-10:48:00.808] thr=1   paramiko.transport: [chan 0] Max packet out: 32768 bytes
DEB [20180802-10:48:00.808] thr=1   paramiko.transport: Secsh channel 0 opened.
DEB [20180802-10:48:00.809] thr=1   paramiko.transport: [chan 0] Sesch channel 0 request ok
DEB [20180802-10:48:00.819] thr=1   paramiko.transport: [chan 0] Sesch channel 0 request ok
DEB [20180802-10:48:42.065] thr=1   paramiko.transport: starting thread (client mode): 0xd1391390
DEB [20180802-10:48:42.065] thr=1   paramiko.transport: Local version/idstring: SSH-2.0-paramiko_2.4.1
DEB [20180802-10:48:42.070] thr=1   paramiko.transport: Remote version/idstring: SSH-2.0-OpenSSH_7.4
INF [20180802-10:48:42.071] thr=1   paramiko.transport: Connected (version 2.0, client OpenSSH_7.4)
DEB [20180802-10:48:42.072] thr=1   paramiko.transport: kex algos:['curve25519-sha256', 'curve25519-sha256@libssh.org', 'ecdh-sha2-nistp256', 'ecdh-sha2-nistp384', 'ecdh-sha2-nistp521', 'diffie-hellman-group-exchange-sha256', 'diffie-hellman-group16-sha512', 'diffie-hellman-group18-sha512', 'diffie-hellman-group-exchange-sha1', 'diffie-hellman-group14-sha256', 'diffie-hellman-group14-sha1', 'diffie-hellman-group1-sha1'] server key:['ssh-rsa', 'rsa-sha2-512', 'rsa-sha2-256', 'ecdsa-sha2-nistp256', 'ssh-ed25519'] client encrypt:['chacha20-poly1305@openssh.com', 'aes128-ctr', 'aes192-ctr', 'aes256-ctr', 'aes128-gcm@openssh.com', 'aes256-gcm@openssh.com', 'aes128-cbc', 'aes192-cbc', 'aes256-cbc', 'blowfish-cbc', 'cast128-cbc', '3des-cbc'] server encrypt:['chacha20-poly1305@openssh.com', 'aes128-ctr', 'aes192-ctr', 'aes256-ctr', 'aes128-gcm@openssh.com', 'aes256-gcm@openssh.com', 'aes128-cbc', 'aes192-cbc', 'aes256-cbc', 'blowfish-cbc', 'cast128-cbc', '3des-cbc'] client mac:['umac-64-etm@openssh.com', 'umac-128-etm@openssh.com', 'hmac-sha2-256-etm@openssh.com', 'hmac-sha2-512-etm@openssh.com', 'hmac-sha1-etm@openssh.com', 'umac-64@openssh.com', 'umac-128@openssh.com', 'hmac-sha2-256', 'hmac-sha2-512', 'hmac-sha1'] server mac:['umac-64-etm@openssh.com', 'umac-128-etm@openssh.com', 'hmac-sha2-256-etm@openssh.com', 'hmac-sha2-512-etm@openssh.com', 'hmac-sha1-etm@openssh.com', 'umac-64@openssh.com', 'umac-128@openssh.com', 'hmac-sha2-256', 'hmac-sha2-512', 'hmac-sha1'] client compress:['none', 'zlib@openssh.com'] server compress:['none', 'zlib@openssh.com'] client lang:[''] server lang:[''] kex follows?False
DEB [20180802-10:48:42.072] thr=1   paramiko.transport: Kex agreed: ecdh-sha2-nistp256
DEB [20180802-10:48:42.072] thr=1   paramiko.transport: HostKey agreed: ssh-ed25519
DEB [20180802-10:48:42.072] thr=1   paramiko.transport: Cipher agreed: aes128-ctr
DEB [20180802-10:48:42.072] thr=1   paramiko.transport: MAC agreed: hmac-sha2-256
DEB [20180802-10:48:42.072] thr=1   paramiko.transport: Compression agreed: none
DEB [20180802-10:48:42.113] thr=1   paramiko.transport: kex engine KexNistp256 specified hash_algo <built-in function openssl_sha256>
DEB [20180802-10:48:42.113] thr=1   paramiko.transport: Switch to new keys ...
DEB [20180802-10:48:51.069] thr=1   paramiko.transport: userauth is OK
INF [20180802-10:48:51.132] thr=1   paramiko.transport: Authentication (password) successful!
DEB [20180802-10:48:51.132] thr=2   paramiko.transport: [chan 0] Max packet in: 32768 bytes
DEB [20180802-10:48:51.137] thr=1   paramiko.transport: Received global request "hostkeys-00@openssh.com"
DEB [20180802-10:48:51.137] thr=1   paramiko.transport: Rejecting "hostkeys-00@openssh.com" global request from server.
DEB [20180802-10:48:51.176] thr=1   paramiko.transport: [chan 0] Max packet out: 32768 bytes
DEB [20180802-10:48:51.176] thr=1   paramiko.transport: Secsh channel 0 opened.
DEB [20180802-10:48:51.177] thr=1   paramiko.transport: [chan 0] Sesch channel 0 request ok
DEB [20180802-10:48:51.178] thr=1   paramiko.transport: [chan 0] Sesch channel 0 request ok
DEB [20180802-13:53:31.974] thr=1   paramiko.transport: [chan 0] EOF received (0)
DEB [20180802-13:53:31.974] thr=1   paramiko.transport: [chan 0] EOF sent (0)
DEB [20180802-13:53:32.909] thr=1   paramiko.transport: EOF in transport thread
DEB [20180802-13:54:26.516] thr=1   paramiko.transport: starting thread (client mode): 0x69091390
DEB [20180802-13:54:26.516] thr=1   paramiko.transport: Local version/idstring: SSH-2.0-paramiko_2.4.1
DEB [20180802-13:54:26.522] thr=1   paramiko.transport: Remote version/idstring: SSH-2.0-OpenSSH_7.4
INF [20180802-13:54:26.522] thr=1   paramiko.transport: Connected (version 2.0, client OpenSSH_7.4)
DEB [20180802-13:54:26.523] thr=1   paramiko.transport: kex algos:['curve25519-sha256', 'curve25519-sha256@libssh.org', 'ecdh-sha2-nistp256', 'ecdh-sha2-nistp384', 'ecdh-sha2-nistp521', 'diffie-hellman-group-exchange-sha256', 'diffie-hellman-group16-sha512', 'diffie-hellman-group18-sha512', 'diffie-hellman-group-exchange-sha1', 'diffie-hellman-group14-sha256', 'diffie-hellman-group14-sha1', 'diffie-hellman-group1-sha1'] server key:['ssh-rsa', 'rsa-sha2-512', 'rsa-sha2-256', 'ecdsa-sha2-nistp256', 'ssh-ed25519'] client encrypt:['chacha20-poly1305@openssh.com', 'aes128-ctr', 'aes192-ctr', 'aes256-ctr', 'aes128-gcm@openssh.com', 'aes256-gcm@openssh.com', 'aes128-cbc', 'aes192-cbc', 'aes256-cbc', 'blowfish-cbc', 'cast128-cbc', '3des-cbc'] server encrypt:['chacha20-poly1305@openssh.com', 'aes128-ctr', 'aes192-ctr', 'aes256-ctr', 'aes128-gcm@openssh.com', 'aes256-gcm@openssh.com', 'aes128-cbc', 'aes192-cbc', 'aes256-cbc', 'blowfish-cbc', 'cast128-cbc', '3des-cbc'] client mac:['umac-64-etm@openssh.com', 'umac-128-etm@openssh.com', 'hmac-sha2-256-etm@openssh.com', 'hmac-sha2-512-etm@openssh.com', 'hmac-sha1-etm@openssh.com', 'umac-64@openssh.com', 'umac-128@openssh.com', 'hmac-sha2-256', 'hmac-sha2-512', 'hmac-sha1'] server mac:['umac-64-etm@openssh.com', 'umac-128-etm@openssh.com', 'hmac-sha2-256-etm@openssh.com', 'hmac-sha2-512-etm@openssh.com', 'hmac-sha1-etm@openssh.com', 'umac-64@openssh.com', 'umac-128@openssh.com', 'hmac-sha2-256', 'hmac-sha2-512', 'hmac-sha1'] client compress:['none', 'zlib@openssh.com'] server compress:['none', 'zlib@openssh.com'] client lang:[''] server lang:[''] kex follows?False
DEB [20180802-13:54:26.523] thr=1   paramiko.transport: Kex agreed: ecdh-sha2-nistp256
DEB [20180802-13:54:26.523] thr=1   paramiko.transport: HostKey agreed: ssh-ed25519
DEB [20180802-13:54:26.523] thr=1   paramiko.transport: Cipher agreed: aes128-ctr
DEB [20180802-13:54:26.523] thr=1   paramiko.transport: MAC agreed: hmac-sha2-256
DEB [20180802-13:54:26.523] thr=1   paramiko.transport: Compression agreed: none
DEB [20180802-13:54:26.564] thr=1   paramiko.transport: kex engine KexNistp256 specified hash_algo <built-in function openssl_sha256>
DEB [20180802-13:54:26.565] thr=1   paramiko.transport: Switch to new keys ...
DEB [20180802-13:54:31.535] thr=1   paramiko.transport: userauth is OK
INF [20180802-13:54:31.557] thr=1   paramiko.transport: Authentication (password) successful!
DEB [20180802-13:54:31.558] thr=2   paramiko.transport: [chan 0] Max packet in: 32768 bytes
DEB [20180802-13:54:31.562] thr=1   paramiko.transport: Received global request "hostkeys-00@openssh.com"
DEB [20180802-13:54:31.562] thr=1   paramiko.transport: Rejecting "hostkeys-00@openssh.com" global request from server.
DEB [20180802-13:54:31.604] thr=1   paramiko.transport: [chan 0] Max packet out: 32768 bytes
DEB [20180802-13:54:31.604] thr=1   paramiko.transport: Secsh channel 0 opened.
DEB [20180802-13:54:31.604] thr=1   paramiko.transport: [chan 0] Sesch channel 0 request ok
DEB [20180802-13:54:31.605] thr=1   paramiko.transport: [chan 0] Sesch channel 0 request ok
DEB [20180802-13:56:11.159] thr=1   paramiko.transport: [chan 0] EOF received (0)
DEB [20180802-13:56:11.160] thr=1   paramiko.transport: [chan 0] EOF sent (0)
DEB [20180802-13:56:12.013] thr=1   paramiko.transport: EOF in transport thread
DEB [20180802-13:56:25.346] thr=1   paramiko.transport: starting thread (client mode): 0x27b112e8
DEB [20180802-13:56:25.346] thr=1   paramiko.transport: Local version/idstring: SSH-2.0-paramiko_2.4.1
DEB [20180802-13:56:25.352] thr=1   paramiko.transport: Remote version/idstring: SSH-2.0-OpenSSH_7.4
INF [20180802-13:56:25.352] thr=1   paramiko.transport: Connected (version 2.0, client OpenSSH_7.4)
DEB [20180802-13:56:25.353] thr=1   paramiko.transport: kex algos:['curve25519-sha256', 'curve25519-sha256@libssh.org', 'ecdh-sha2-nistp256', 'ecdh-sha2-nistp384', 'ecdh-sha2-nistp521', 'diffie-hellman-group-exchange-sha256', 'diffie-hellman-group16-sha512', 'diffie-hellman-group18-sha512', 'diffie-hellman-group-exchange-sha1', 'diffie-hellman-group14-sha256', 'diffie-hellman-group14-sha1', 'diffie-hellman-group1-sha1'] server key:['ssh-rsa', 'rsa-sha2-512', 'rsa-sha2-256', 'ecdsa-sha2-nistp256', 'ssh-ed25519'] client encrypt:['chacha20-poly1305@openssh.com', 'aes128-ctr', 'aes192-ctr', 'aes256-ctr', 'aes128-gcm@openssh.com', 'aes256-gcm@openssh.com', 'aes128-cbc', 'aes192-cbc', 'aes256-cbc', 'blowfish-cbc', 'cast128-cbc', '3des-cbc'] server encrypt:['chacha20-poly1305@openssh.com', 'aes128-ctr', 'aes192-ctr', 'aes256-ctr', 'aes128-gcm@openssh.com', 'aes256-gcm@openssh.com', 'aes128-cbc', 'aes192-cbc', 'aes256-cbc', 'blowfish-cbc', 'cast128-cbc', '3des-cbc'] client mac:['umac-64-etm@openssh.com', 'umac-128-etm@openssh.com', 'hmac-sha2-256-etm@openssh.com', 'hmac-sha2-512-etm@openssh.com', 'hmac-sha1-etm@openssh.com', 'umac-64@openssh.com', 'umac-128@openssh.com', 'hmac-sha2-256', 'hmac-sha2-512', 'hmac-sha1'] server mac:['umac-64-etm@openssh.com', 'umac-128-etm@openssh.com', 'hmac-sha2-256-etm@openssh.com', 'hmac-sha2-512-etm@openssh.com', 'hmac-sha1-etm@openssh.com', 'umac-64@openssh.com', 'umac-128@openssh.com', 'hmac-sha2-256', 'hmac-sha2-512', 'hmac-sha1'] client compress:['none', 'zlib@openssh.com'] server compress:['none', 'zlib@openssh.com'] client lang:[''] server lang:[''] kex follows?False
DEB [20180802-13:56:25.353] thr=1   paramiko.transport: Kex agreed: ecdh-sha2-nistp256
DEB [20180802-13:56:25.353] thr=1   paramiko.transport: HostKey agreed: ssh-ed25519
DEB [20180802-13:56:25.353] thr=1   paramiko.transport: Cipher agreed: aes128-ctr
DEB [20180802-13:56:25.353] thr=1   paramiko.transport: MAC agreed: hmac-sha2-256
DEB [20180802-13:56:25.353] thr=1   paramiko.transport: Compression agreed: none
DEB [20180802-13:56:25.394] thr=1   paramiko.transport: kex engine KexNistp256 specified hash_algo <built-in function openssl_sha256>
DEB [20180802-13:56:25.395] thr=1   paramiko.transport: Switch to new keys ...
DEB [20180802-13:56:32.300] thr=1   paramiko.transport: userauth is OK
INF [20180802-13:56:34.113] thr=1   paramiko.transport: Authentication (password) failed.
DEB [20180802-13:56:34.116] thr=1   paramiko.transport: EOF in transport thread
DEB [20180802-14:04:24.723] thr=1   paramiko.transport: starting thread (client mode): 0x2ce61390
DEB [20180802-14:04:24.724] thr=1   paramiko.transport: Local version/idstring: SSH-2.0-paramiko_2.4.1
DEB [20180802-14:04:24.730] thr=1   paramiko.transport: Remote version/idstring: SSH-2.0-OpenSSH_7.4
INF [20180802-14:04:24.730] thr=1   paramiko.transport: Connected (version 2.0, client OpenSSH_7.4)
DEB [20180802-14:04:24.730] thr=1   paramiko.transport: kex algos:['curve25519-sha256', 'curve25519-sha256@libssh.org', 'ecdh-sha2-nistp256', 'ecdh-sha2-nistp384', 'ecdh-sha2-nistp521', 'diffie-hellman-group-exchange-sha256', 'diffie-hellman-group16-sha512', 'diffie-hellman-group18-sha512', 'diffie-hellman-group-exchange-sha1', 'diffie-hellman-group14-sha256', 'diffie-hellman-group14-sha1', 'diffie-hellman-group1-sha1'] server key:['ssh-rsa', 'rsa-sha2-512', 'rsa-sha2-256', 'ecdsa-sha2-nistp256', 'ssh-ed25519'] client encrypt:['chacha20-poly1305@openssh.com', 'aes128-ctr', 'aes192-ctr', 'aes256-ctr', 'aes128-gcm@openssh.com', 'aes256-gcm@openssh.com', 'aes128-cbc', 'aes192-cbc', 'aes256-cbc', 'blowfish-cbc', 'cast128-cbc', '3des-cbc'] server encrypt:['chacha20-poly1305@openssh.com', 'aes128-ctr', 'aes192-ctr', 'aes256-ctr', 'aes128-gcm@openssh.com', 'aes256-gcm@openssh.com', 'aes128-cbc', 'aes192-cbc', 'aes256-cbc', 'blowfish-cbc', 'cast128-cbc', '3des-cbc'] client mac:['umac-64-etm@openssh.com', 'umac-128-etm@openssh.com', 'hmac-sha2-256-etm@openssh.com', 'hmac-sha2-512-etm@openssh.com', 'hmac-sha1-etm@openssh.com', 'umac-64@openssh.com', 'umac-128@openssh.com', 'hmac-sha2-256', 'hmac-sha2-512', 'hmac-sha1'] server mac:['umac-64-etm@openssh.com', 'umac-128-etm@openssh.com', 'hmac-sha2-256-etm@openssh.com', 'hmac-sha2-512-etm@openssh.com', 'hmac-sha1-etm@openssh.com', 'umac-64@openssh.com', 'umac-128@openssh.com', 'hmac-sha2-256', 'hmac-sha2-512', 'hmac-sha1'] client compress:['none', 'zlib@openssh.com'] server compress:['none', 'zlib@openssh.com'] client lang:[''] server lang:[''] kex follows?False
DEB [20180802-14:04:24.730] thr=1   paramiko.transport: Kex agreed: ecdh-sha2-nistp256
DEB [20180802-14:04:24.730] thr=1   paramiko.transport: HostKey agreed: ssh-ed25519
DEB [20180802-14:04:24.731] thr=1   paramiko.transport: Cipher agreed: aes128-ctr
DEB [20180802-14:04:24.731] thr=1   paramiko.transport: MAC agreed: hmac-sha2-256
DEB [20180802-14:04:24.731] thr=1   paramiko.transport: Compression agreed: none
DEB [20180802-14:04:24.771] thr=1   paramiko.transport: kex engine KexNistp256 specified hash_algo <built-in function openssl_sha256>
DEB [20180802-14:04:24.771] thr=1   paramiko.transport: Switch to new keys ...
DEB [20180802-14:04:30.675] thr=1   paramiko.transport: userauth is OK
INF [20180802-14:04:30.708] thr=1   paramiko.transport: Authentication (password) successful!
DEB [20180802-14:04:30.708] thr=2   paramiko.transport: [chan 0] Max packet in: 32768 bytes
DEB [20180802-14:04:30.717] thr=1   paramiko.transport: Received global request "hostkeys-00@openssh.com"
DEB [20180802-14:04:30.717] thr=1   paramiko.transport: Rejecting "hostkeys-00@openssh.com" global request from server.
DEB [20180802-14:04:30.756] thr=1   paramiko.transport: [chan 0] Max packet out: 32768 bytes
DEB [20180802-14:04:30.756] thr=1   paramiko.transport: Secsh channel 0 opened.
DEB [20180802-14:04:30.757] thr=1   paramiko.transport: [chan 0] Sesch channel 0 request ok
DEB [20180802-14:04:30.758] thr=1   paramiko.transport: [chan 0] Sesch channel 0 request ok
DEB [20180802-14:04:58.447] thr=1   paramiko.transport: [chan 0] EOF received (0)
DEB [20180802-14:04:58.447] thr=1   paramiko.transport: [chan 0] EOF sent (0)
DEB [20180802-14:06:08.157] thr=1   paramiko.transport: EOF in transport thread
DEB [20180802-14:06:20.873] thr=1   paramiko.transport: starting thread (client mode): 0xee6913c8
DEB [20180802-14:06:20.873] thr=1   paramiko.transport: Local version/idstring: SSH-2.0-paramiko_2.4.1
DEB [20180802-14:06:20.879] thr=1   paramiko.transport: Remote version/idstring: SSH-2.0-OpenSSH_7.4
INF [20180802-14:06:20.880] thr=1   paramiko.transport: Connected (version 2.0, client OpenSSH_7.4)
DEB [20180802-14:06:20.881] thr=1   paramiko.transport: kex algos:['curve25519-sha256', 'curve25519-sha256@libssh.org', 'ecdh-sha2-nistp256', 'ecdh-sha2-nistp384', 'ecdh-sha2-nistp521', 'diffie-hellman-group-exchange-sha256', 'diffie-hellman-group16-sha512', 'diffie-hellman-group18-sha512', 'diffie-hellman-group-exchange-sha1', 'diffie-hellman-group14-sha256', 'diffie-hellman-group14-sha1', 'diffie-hellman-group1-sha1'] server key:['ssh-rsa', 'rsa-sha2-512', 'rsa-sha2-256', 'ecdsa-sha2-nistp256', 'ssh-ed25519'] client encrypt:['chacha20-poly1305@openssh.com', 'aes128-ctr', 'aes192-ctr', 'aes256-ctr', 'aes128-gcm@openssh.com', 'aes256-gcm@openssh.com', 'aes128-cbc', 'aes192-cbc', 'aes256-cbc', 'blowfish-cbc', 'cast128-cbc', '3des-cbc'] server encrypt:['chacha20-poly1305@openssh.com', 'aes128-ctr', 'aes192-ctr', 'aes256-ctr', 'aes128-gcm@openssh.com', 'aes256-gcm@openssh.com', 'aes128-cbc', 'aes192-cbc', 'aes256-cbc', 'blowfish-cbc', 'cast128-cbc', '3des-cbc'] client mac:['umac-64-etm@openssh.com', 'umac-128-etm@openssh.com', 'hmac-sha2-256-etm@openssh.com', 'hmac-sha2-512-etm@openssh.com', 'hmac-sha1-etm@openssh.com', 'umac-64@openssh.com', 'umac-128@openssh.com', 'hmac-sha2-256', 'hmac-sha2-512', 'hmac-sha1'] server mac:['umac-64-etm@openssh.com', 'umac-128-etm@openssh.com', 'hmac-sha2-256-etm@openssh.com', 'hmac-sha2-512-etm@openssh.com', 'hmac-sha1-etm@openssh.com', 'umac-64@openssh.com', 'umac-128@openssh.com', 'hmac-sha2-256', 'hmac-sha2-512', 'hmac-sha1'] client compress:['none', 'zlib@openssh.com'] server compress:['none', 'zlib@openssh.com'] client lang:[''] server lang:[''] kex follows?False
DEB [20180802-14:06:20.881] thr=1   paramiko.transport: Kex agreed: ecdh-sha2-nistp256
DEB [20180802-14:06:20.881] thr=1   paramiko.transport: HostKey agreed: ssh-ed25519
DEB [20180802-14:06:20.881] thr=1   paramiko.transport: Cipher agreed: aes128-ctr
DEB [20180802-14:06:20.881] thr=1   paramiko.transport: MAC agreed: hmac-sha2-256
DEB [20180802-14:06:20.881] thr=1   paramiko.transport: Compression agreed: none
DEB [20180802-14:06:20.923] thr=1   paramiko.transport: kex engine KexNistp256 specified hash_algo <built-in function openssl_sha256>
DEB [20180802-14:06:20.923] thr=1   paramiko.transport: Switch to new keys ...
DEB [20180802-14:06:25.135] thr=1   paramiko.transport: userauth is OK
INF [20180802-14:06:25.186] thr=1   paramiko.transport: Authentication (password) successful!
DEB [20180802-14:06:25.187] thr=2   paramiko.transport: [chan 0] Max packet in: 32768 bytes
DEB [20180802-14:06:25.198] thr=1   paramiko.transport: Received global request "hostkeys-00@openssh.com"
DEB [20180802-14:06:25.198] thr=1   paramiko.transport: Rejecting "hostkeys-00@openssh.com" global request from server.
DEB [20180802-14:06:25.239] thr=1   paramiko.transport: [chan 0] Max packet out: 32768 bytes
DEB [20180802-14:06:25.239] thr=1   paramiko.transport: Secsh channel 0 opened.
DEB [20180802-14:06:25.240] thr=1   paramiko.transport: [chan 0] Sesch channel 0 request ok
DEB [20180802-14:06:25.242] thr=1   paramiko.transport: [chan 0] Sesch channel 0 request ok
DEB [20180802-14:07:39.611] thr=1   paramiko.transport: [chan 0] EOF received (0)
DEB [20180802-14:07:39.611] thr=1   paramiko.transport: [chan 0] EOF sent (0)
DEB [20180802-14:07:53.007] thr=1   paramiko.transport: starting thread (client mode): 0xd4b913c8
DEB [20180802-14:07:53.007] thr=1   paramiko.transport: Local version/idstring: SSH-2.0-paramiko_2.4.1
DEB [20180802-14:07:53.014] thr=1   paramiko.transport: Remote version/idstring: SSH-2.0-OpenSSH_7.4
INF [20180802-14:07:53.014] thr=1   paramiko.transport: Connected (version 2.0, client OpenSSH_7.4)
DEB [20180802-14:07:53.015] thr=1   paramiko.transport: kex algos:['curve25519-sha256', 'curve25519-sha256@libssh.org', 'ecdh-sha2-nistp256', 'ecdh-sha2-nistp384', 'ecdh-sha2-nistp521', 'diffie-hellman-group-exchange-sha256', 'diffie-hellman-group16-sha512', 'diffie-hellman-group18-sha512', 'diffie-hellman-group-exchange-sha1', 'diffie-hellman-group14-sha256', 'diffie-hellman-group14-sha1', 'diffie-hellman-group1-sha1'] server key:['ssh-rsa', 'rsa-sha2-512', 'rsa-sha2-256', 'ecdsa-sha2-nistp256', 'ssh-ed25519'] client encrypt:['chacha20-poly1305@openssh.com', 'aes128-ctr', 'aes192-ctr', 'aes256-ctr', 'aes128-gcm@openssh.com', 'aes256-gcm@openssh.com', 'aes128-cbc', 'aes192-cbc', 'aes256-cbc', 'blowfish-cbc', 'cast128-cbc', '3des-cbc'] server encrypt:['chacha20-poly1305@openssh.com', 'aes128-ctr', 'aes192-ctr', 'aes256-ctr', 'aes128-gcm@openssh.com', 'aes256-gcm@openssh.com', 'aes128-cbc', 'aes192-cbc', 'aes256-cbc', 'blowfish-cbc', 'cast128-cbc', '3des-cbc'] client mac:['umac-64-etm@openssh.com', 'umac-128-etm@openssh.com', 'hmac-sha2-256-etm@openssh.com', 'hmac-sha2-512-etm@openssh.com', 'hmac-sha1-etm@openssh.com', 'umac-64@openssh.com', 'umac-128@openssh.com', 'hmac-sha2-256', 'hmac-sha2-512', 'hmac-sha1'] server mac:['umac-64-etm@openssh.com', 'umac-128-etm@openssh.com', 'hmac-sha2-256-etm@openssh.com', 'hmac-sha2-512-etm@openssh.com', 'hmac-sha1-etm@openssh.com', 'umac-64@openssh.com', 'umac-128@openssh.com', 'hmac-sha2-256', 'hmac-sha2-512', 'hmac-sha1'] client compress:['none', 'zlib@openssh.com'] server compress:['none', 'zlib@openssh.com'] client lang:[''] server lang:[''] kex follows?False
DEB [20180802-14:07:53.015] thr=1   paramiko.transport: Kex agreed: ecdh-sha2-nistp256
DEB [20180802-14:07:53.015] thr=1   paramiko.transport: HostKey agreed: ssh-ed25519
DEB [20180802-14:07:53.015] thr=1   paramiko.transport: Cipher agreed: aes128-ctr
DEB [20180802-14:07:53.015] thr=1   paramiko.transport: MAC agreed: hmac-sha2-256
DEB [20180802-14:07:53.015] thr=1   paramiko.transport: Compression agreed: none
DEB [20180802-14:07:53.057] thr=1   paramiko.transport: kex engine KexNistp256 specified hash_algo <built-in function openssl_sha256>
DEB [20180802-14:07:53.057] thr=1   paramiko.transport: Switch to new keys ...
DEB [20180802-14:07:57.186] thr=1   paramiko.transport: userauth is OK
INF [20180802-14:07:57.238] thr=1   paramiko.transport: Authentication (password) successful!
DEB [20180802-14:07:57.238] thr=2   paramiko.transport: [chan 0] Max packet in: 32768 bytes
DEB [20180802-14:07:57.243] thr=1   paramiko.transport: Received global request "hostkeys-00@openssh.com"
DEB [20180802-14:07:57.243] thr=1   paramiko.transport: Rejecting "hostkeys-00@openssh.com" global request from server.
DEB [20180802-14:07:57.283] thr=1   paramiko.transport: [chan 0] Max packet out: 32768 bytes
DEB [20180802-14:07:57.283] thr=1   paramiko.transport: Secsh channel 0 opened.
DEB [20180802-14:07:57.284] thr=1   paramiko.transport: [chan 0] Sesch channel 0 request ok
DEB [20180802-14:07:57.285] thr=1   paramiko.transport: [chan 0] Sesch channel 0 request ok
DEB [20180802-14:10:51.361] thr=1   paramiko.transport: starting thread (client mode): 0x435613c8
DEB [20180802-14:10:51.361] thr=1   paramiko.transport: Local version/idstring: SSH-2.0-paramiko_2.4.1
DEB [20180802-14:10:51.367] thr=1   paramiko.transport: Remote version/idstring: SSH-2.0-OpenSSH_7.4
INF [20180802-14:10:51.368] thr=1   paramiko.transport: Connected (version 2.0, client OpenSSH_7.4)
DEB [20180802-14:10:51.369] thr=1   paramiko.transport: kex algos:['curve25519-sha256', 'curve25519-sha256@libssh.org', 'ecdh-sha2-nistp256', 'ecdh-sha2-nistp384', 'ecdh-sha2-nistp521', 'diffie-hellman-group-exchange-sha256', 'diffie-hellman-group16-sha512', 'diffie-hellman-group18-sha512', 'diffie-hellman-group-exchange-sha1', 'diffie-hellman-group14-sha256', 'diffie-hellman-group14-sha1', 'diffie-hellman-group1-sha1'] server key:['ssh-rsa', 'rsa-sha2-512', 'rsa-sha2-256', 'ecdsa-sha2-nistp256', 'ssh-ed25519'] client encrypt:['chacha20-poly1305@openssh.com', 'aes128-ctr', 'aes192-ctr', 'aes256-ctr', 'aes128-gcm@openssh.com', 'aes256-gcm@openssh.com', 'aes128-cbc', 'aes192-cbc', 'aes256-cbc', 'blowfish-cbc', 'cast128-cbc', '3des-cbc'] server encrypt:['chacha20-poly1305@openssh.com', 'aes128-ctr', 'aes192-ctr', 'aes256-ctr', 'aes128-gcm@openssh.com', 'aes256-gcm@openssh.com', 'aes128-cbc', 'aes192-cbc', 'aes256-cbc', 'blowfish-cbc', 'cast128-cbc', '3des-cbc'] client mac:['umac-64-etm@openssh.com', 'umac-128-etm@openssh.com', 'hmac-sha2-256-etm@openssh.com', 'hmac-sha2-512-etm@openssh.com', 'hmac-sha1-etm@openssh.com', 'umac-64@openssh.com', 'umac-128@openssh.com', 'hmac-sha2-256', 'hmac-sha2-512', 'hmac-sha1'] server mac:['umac-64-etm@openssh.com', 'umac-128-etm@openssh.com', 'hmac-sha2-256-etm@openssh.com', 'hmac-sha2-512-etm@openssh.com', 'hmac-sha1-etm@openssh.com', 'umac-64@openssh.com', 'umac-128@openssh.com', 'hmac-sha2-256', 'hmac-sha2-512', 'hmac-sha1'] client compress:['none', 'zlib@openssh.com'] server compress:['none', 'zlib@openssh.com'] client lang:[''] server lang:[''] kex follows?False
DEB [20180802-14:10:51.369] thr=1   paramiko.transport: Kex agreed: ecdh-sha2-nistp256
DEB [20180802-14:10:51.369] thr=1   paramiko.transport: HostKey agreed: ssh-ed25519
DEB [20180802-14:10:51.369] thr=1   paramiko.transport: Cipher agreed: aes128-ctr
DEB [20180802-14:10:51.369] thr=1   paramiko.transport: MAC agreed: hmac-sha2-256
DEB [20180802-14:10:51.369] thr=1   paramiko.transport: Compression agreed: none
DEB [20180802-14:10:51.410] thr=1   paramiko.transport: kex engine KexNistp256 specified hash_algo <built-in function openssl_sha256>
DEB [20180802-14:10:51.410] thr=1   paramiko.transport: Switch to new keys ...
DEB [20180802-14:10:55.655] thr=1   paramiko.transport: userauth is OK
INF [20180802-14:10:55.670] thr=1   paramiko.transport: Authentication (password) successful!
DEB [20180802-14:10:55.670] thr=2   paramiko.transport: [chan 0] Max packet in: 32768 bytes
DEB [20180802-14:10:55.675] thr=1   paramiko.transport: Received global request "hostkeys-00@openssh.com"
DEB [20180802-14:10:55.675] thr=1   paramiko.transport: Rejecting "hostkeys-00@openssh.com" global request from server.
DEB [20180802-14:10:55.715] thr=1   paramiko.transport: [chan 0] Max packet out: 32768 bytes
DEB [20180802-14:10:55.716] thr=1   paramiko.transport: Secsh channel 0 opened.
DEB [20180802-14:10:55.716] thr=1   paramiko.transport: [chan 0] Sesch channel 0 request ok
DEB [20180802-14:10:55.717] thr=1   paramiko.transport: [chan 0] Sesch channel 0 request ok
DEB [20180802-14:13:21.907] thr=1   paramiko.transport: starting thread (client mode): 0x9e091390
DEB [20180802-14:13:21.907] thr=1   paramiko.transport: Local version/idstring: SSH-2.0-paramiko_2.4.1
DEB [20180802-14:13:21.913] thr=1   paramiko.transport: Remote version/idstring: SSH-2.0-OpenSSH_7.4
INF [20180802-14:13:21.913] thr=1   paramiko.transport: Connected (version 2.0, client OpenSSH_7.4)
DEB [20180802-14:13:21.914] thr=1   paramiko.transport: kex algos:['curve25519-sha256', 'curve25519-sha256@libssh.org', 'ecdh-sha2-nistp256', 'ecdh-sha2-nistp384', 'ecdh-sha2-nistp521', 'diffie-hellman-group-exchange-sha256', 'diffie-hellman-group16-sha512', 'diffie-hellman-group18-sha512', 'diffie-hellman-group-exchange-sha1', 'diffie-hellman-group14-sha256', 'diffie-hellman-group14-sha1', 'diffie-hellman-group1-sha1'] server key:['ssh-rsa', 'rsa-sha2-512', 'rsa-sha2-256', 'ecdsa-sha2-nistp256', 'ssh-ed25519'] client encrypt:['chacha20-poly1305@openssh.com', 'aes128-ctr', 'aes192-ctr', 'aes256-ctr', 'aes128-gcm@openssh.com', 'aes256-gcm@openssh.com', 'aes128-cbc', 'aes192-cbc', 'aes256-cbc', 'blowfish-cbc', 'cast128-cbc', '3des-cbc'] server encrypt:['chacha20-poly1305@openssh.com', 'aes128-ctr', 'aes192-ctr', 'aes256-ctr', 'aes128-gcm@openssh.com', 'aes256-gcm@openssh.com', 'aes128-cbc', 'aes192-cbc', 'aes256-cbc', 'blowfish-cbc', 'cast128-cbc', '3des-cbc'] client mac:['umac-64-etm@openssh.com', 'umac-128-etm@openssh.com', 'hmac-sha2-256-etm@openssh.com', 'hmac-sha2-512-etm@openssh.com', 'hmac-sha1-etm@openssh.com', 'umac-64@openssh.com', 'umac-128@openssh.com', 'hmac-sha2-256', 'hmac-sha2-512', 'hmac-sha1'] server mac:['umac-64-etm@openssh.com', 'umac-128-etm@openssh.com', 'hmac-sha2-256-etm@openssh.com', 'hmac-sha2-512-etm@openssh.com', 'hmac-sha1-etm@openssh.com', 'umac-64@openssh.com', 'umac-128@openssh.com', 'hmac-sha2-256', 'hmac-sha2-512', 'hmac-sha1'] client compress:['none', 'zlib@openssh.com'] server compress:['none', 'zlib@openssh.com'] client lang:[''] server lang:[''] kex follows?False
DEB [20180802-14:13:21.914] thr=1   paramiko.transport: Kex agreed: ecdh-sha2-nistp256
DEB [20180802-14:13:21.914] thr=1   paramiko.transport: HostKey agreed: ssh-ed25519
DEB [20180802-14:13:21.914] thr=1   paramiko.transport: Cipher agreed: aes128-ctr
DEB [20180802-14:13:21.914] thr=1   paramiko.transport: MAC agreed: hmac-sha2-256
DEB [20180802-14:13:21.914] thr=1   paramiko.transport: Compression agreed: none
DEB [20180802-14:13:21.955] thr=1   paramiko.transport: kex engine KexNistp256 specified hash_algo <built-in function openssl_sha256>
DEB [20180802-14:13:21.955] thr=1   paramiko.transport: Switch to new keys ...
DEB [20180802-14:13:26.866] thr=1   paramiko.transport: userauth is OK
INF [20180802-14:13:26.883] thr=1   paramiko.transport: Authentication (password) successful!
DEB [20180802-14:13:26.884] thr=2   paramiko.transport: [chan 0] Max packet in: 32768 bytes
DEB [20180802-14:13:26.888] thr=1   paramiko.transport: Received global request "hostkeys-00@openssh.com"
DEB [20180802-14:13:26.888] thr=1   paramiko.transport: Rejecting "hostkeys-00@openssh.com" global request from server.
DEB [20180802-14:13:26.929] thr=1   paramiko.transport: [chan 0] Max packet out: 32768 bytes
DEB [20180802-14:13:26.929] thr=1   paramiko.transport: Secsh channel 0 opened.
DEB [20180802-14:13:26.930] thr=1   paramiko.transport: [chan 0] Sesch channel 0 request ok
DEB [20180802-14:13:26.931] thr=1   paramiko.transport: [chan 0] Sesch channel 0 request ok
